<?xml version="1.0" encoding="UTF-8"?>
<!-- Generated by org.testng.reporters.JUnitReportReporter -->
<testsuite hostname="Shanthosh" failures="0" tests="1" name="phpapp.php" time="8.196" errors="0" timestamp="2020-05-29T22:40:44 IST" skipped="0">
  <testcase classname="phpapp.php" name="verify" time="8.196"/>
  <system-out/>
</testsuite> <!-- phpapp.php -->
