<?xml version="1.0" encoding="UTF-8"?>
<!-- Generated by org.testng.reporters.JUnitReportReporter -->
<testsuite hostname="Shanthosh" failures="0" tests="1" name="phpapp.php" time="9.267" errors="0" timestamp="29 May 2020 18:19:32 GMT" skipped="0">
  <testcase classname="phpapp.php" name="verify" time="9.267"/>
</testsuite> <!-- phpapp.php -->
